<?xml version="1.0" encoding="UTF-8"?>
<testng-results ignored="0" total="1" passed="1" failed="0" skipped="0">
  <reporter-output>
  </reporter-output>
  <suite started-at="2020-05-18T13:57:14 IST" name="Default suite" finished-at="2020-05-18T13:58:22 IST" duration-ms="68790">
    <groups>
    </groups>
    <test started-at="2020-05-18T13:57:14 IST" name="Default test" finished-at="2020-05-18T13:58:22 IST" duration-ms="68790">
      <class name="CampaignTest">
        <test-method is-config="true" signature="setUp()[pri:0, instance:CampaignTest@548e6d58]" started-at="2020-05-18T13:57:14 IST" name="setUp" finished-at="2020-05-18T13:57:19 IST" duration-ms="5025" status="PASS">
          <reporter-output>
          </reporter-output>
        </test-method> <!-- setUp -->
        <test-method is-config="true" signature="setUp()[pri:0, instance:CampaignTest@548e6d58]" started-at="2020-05-18T13:57:19 IST" name="setUp" finished-at="2020-05-18T13:57:23 IST" duration-ms="4018" status="PASS">
          <reporter-output>
          </reporter-output>
        </test-method> <!-- setUp -->
        <test-method signature="campaign()[pri:0, instance:CampaignTest@548e6d58]" started-at="2020-05-18T13:57:23 IST" name="campaign" finished-at="2020-05-18T13:58:20 IST" duration-ms="57540" status="PASS">
          <reporter-output>
          </reporter-output>
        </test-method> <!-- campaign -->
        <test-method is-config="true" signature="tearDown()[pri:0, instance:CampaignTest@548e6d58]" started-at="2020-05-18T13:58:20 IST" name="tearDown" finished-at="2020-05-18T13:58:22 IST" duration-ms="2145" status="PASS">
          <reporter-output>
          </reporter-output>
        </test-method> <!-- tearDown -->
        <test-method is-config="true" signature="tearDown()[pri:0, instance:CampaignTest@548e6d58]" started-at="2020-05-18T13:58:22 IST" name="tearDown" finished-at="2020-05-18T13:58:22 IST" duration-ms="0" status="PASS">
          <reporter-output>
          </reporter-output>
        </test-method> <!-- tearDown -->
      </class> <!-- CampaignTest -->
    </test> <!-- Default test -->
  </suite> <!-- Default suite -->
</testng-results>
